2024-12-25 15:27:20 [info]: Calling checkForChef with email: ruchamawilk@gmail.com and password: 1234567
2024-12-25 15:27:20 [info]: success with checkForChef
2024-12-25 15:28:48 [info]: Calling checkForChef with email: ruchamawilk@gmail.com and password: 1234567
2024-12-25 15:28:48 [info]: success with checkForChef
2024-12-25 15:29:57 [info]: Calling checkForChef with email: jfjj@gmail.com and password: 1234567
2024-12-25 15:50:17 [info]: Calling checkForChef with email: jjh@gmail.com and password: 12366478
2024-12-25 15:52:20 [info]: Calling checkForChef with email: jjh@gmail.com and password: 12366478
2024-12-25 15:52:40 [info]: Callingmail.com and password: 12366478
2024-12-25 15:52:40 [error]: Error: There is no chef with this email: jjh@gmail.com
2024-12-25 15:55:08 [info]: Calling checkForChef with email: ruchamawilk@gmail.com and password: 12366478
2024-12-25 15:55:08 [error]: Error: Incorrect password for user: ruchamawilk@gmail.com
2024-12-25 16:11:47 [info]: get ,callibg getRecipes
2024-12-25 16:11:47 [info]: success with getRecipes
2024-12-25 16:11:47 [info]: get ,callibg getRecipes
2024-12-25 16:11:47 [info]: success with getRecipes
2024-12-25 16:12:11 [info]: get ,callibg getRecipes
2024-12-25 16:12:12 [info]: success with getRecipes
2024-12-25 16:12:12 [info]: get ,callibg getRecipes checkForChef with email: jjh@g
2024-12-25 16:12:12 [info]: success with getRecipes
2024-12-25 16:12:40 [info]: get fetchRecipe - calling recipe with 2
2024-12-25 16:12:41 [info]: success with fetchRecipe id: 2
2024-12-25 16:12:41 [info]: get fetchRecipe - calling recipe with 2
2024-12-25 16:12:41 [info]: success with fetchRecipe id: 2
2024-12-25 16:13:03 [info]: get ,callibg getRecipes
2024-12-25 16:13:03 [info]: success with getRecipes
2024-12-25 16:13:03 [info]: get ,callibg getRecipes
2024-12-25 16:13:04 [info]: success with getRecipes
2024-12-25 16:13:05 [info]: get fetchRecipesCategory - calling recipes of Meat category
2024-12-25 16:13:05 [info]: success with fetchRecipesCategory category: Meat
2024-12-25 16:13:05 [info]: get fetchRecipesCategory - calling recipes of Meat category
2024-12-25 16:13:06 [info]: success with fetchRecipesCategory category: Meat
2024-12-25 16:13:40 [info]: get fetchRecipe - calling recipe with 1
2024-12-25 16:13:40 [info]: success with fetchRecipe id: 1
2024-12-25 16:13:40 [info]: get fetchRecipe - calling recipe with 1
2024-12-25 16:13:40 [info]: success with fetchRecipe id: 1
2024-12-25 16:14:01 [info]: get ,callibg getRecipes
2024-12-25 16:14:01 [info]: success with getRecipes
2024-12-25 16:14:02 [info]: get ,callibg getRecipes
2024-12-25 16:14:02 [info]: success with getRecipes
2024-12-25 16:14:49 [info]: post addRecipe - set new recipe to DB, recipe ID: undefined
2024-12-25 16:15:34 [info]: get ,callibg getRecipes
2024-12-25 16:15:34 [info]: success with getRecipes
2024-12-25 16:15:34 [info]: get ,callibg getRecipes
2024-12-25 16:15:34 [info]: success with getRecipes
2024-12-25 16:19:31 [info]: post addRecipe - set new recipe to DB, recipe ID: undefined
2024-12-25 17:23:30 [info]: get ,callibg getRecipes
2024-12-25 17:23:31 [info]: success with getRecipes
2024-12-25 17:23:31 [info]: get ,callibg getRecipes
2024-12-25 17:23:32 [info]: success with getRecipes
2024-12-25 17:23:34 [info]: get fetchRecipe - calling recipe with ID: 2
2024-12-25 17:23:34 [info]: success with fetchRecipe id: 2
2024-12-25 17:23:34 [info]: get fetchRecipe - calling recipe with ID: 2
2024-12-25 17:23:34 [info]: success with fetchRecipe id: 2
2024-12-25 17:23:38 [info]: get ,callibg getRecipes
2024-12-25 17:23:38 [info]: success with getRecipes
2024-12-25 17:23:38 [info]: get ,callibg getRecipes
2024-12-25 17:23:38 [info]: success with getRecipes
2024-12-25 17:23:39 [info]: get fetchRecipe - calling recipe with ID: 8
2024-12-25 17:23:40 [info]: success with fetchRecipe id: 8
2024-12-25 17:23:40 [info]: get fetchRecipe - calling recipe with ID: 8
2024-12-25 17:23:40 [info]: success with fetchRecipe id: 8
2024-12-25 17:23:45 [info]: get ,callibg getRecipes
2024-12-25 17:23:45 [info]: success with getRecipes
2024-12-25 17:23:45 [info]: get ,callibg getRecipes
2024-12-25 17:23:45 [info]: success with getRecipes
2024-12-25 17:23:46 [info]: get fetchRecipe - calling recipe with ID: 6
2024-12-25 17:23:47 [info]: success with fetchRecipe id: 6
2024-12-25 17:23:47 [info]: get fetchRecipe - calling recipe with ID: 6
2024-12-25 17:23:47 [info]: success with fetchRecipe id: 6
2024-12-25 19:35:23 [info]: get fetchRecipe - calling recipe with ID: 6
2024-12-25 19:35:42 [info]: get fetchRecipe - calling recipe with ID: 6
2024-12-25 19:35:47 [info]: success with fetchRecipe id: 6
2024-12-25 19:35:47 [info]: success with fetchRecipe id: 6
2024-12-25 22:08:29 [info]: get fetchRecipe - calling recipe with ID: 6
2024-12-25 22:08:30 [info]: success with fetchRecipe id: 6
2024-12-25 22:08:30 [info]: get fetchRecipe - calling recipe with ID: 6
2024-12-25 22:08:30 [info]: success with fetchRecipe id: 6
2024-12-26 13:21:14 [info]: get fetchRecipe - calling recipe with ID: 6
2024-12-26 13:21:15 [info]: success with fetchRecipe id: 6
2024-12-26 13:21:15 [info]: get fetchRecipe - calling recipe with ID: 6
2024-12-26 13:21:15 [info]: success with fetchRecipe id: 6
2024-12-26 13:42:02 [info]: get fetchRecipe - calling recipe with ID: 6
2024-12-26 13:42:03 [info]: success with fetchRecipe id: 6
2024-12-26 13:42:03 [info]: get fetchRecipe - calling recipe with ID: 6
2024-12-26 13:42:03 [info]: success with fetchRecipe id: 6
2024-12-26 13:43:51 [info]: Calling checkForChef with email: ruchamawilk@gmail.com and password: 1234567
2024-12-26 13:43:51 [info]: success with checkForChef
2024-12-26 13:43:51 [info]: get ,callibg getRecipes
2024-12-26 13:43:52 [info]: success with getRecipes
2024-12-26 13:43:52 [info]: get ,callibg getRecipes
2024-12-26 13:43:52 [info]: success with getRecipes
2024-12-26 13:45:03 [info]: get fetchRecipe - calling recipe with ID: 1
2024-12-26 13:45:03 [info]: success with fetchRecipe id: 1
2024-12-26 13:45:03 [info]: get fetchRecipe - calling recipe with ID: 1
2024-12-26 13:45:03 [info]: success with fetchRecipe id: 1
2024-12-26 13:45:05 [info]: get ,callibg getRecipes
2024-12-26 13:45:05 [info]: success with getRecipes
2024-12-26 13:45:05 [info]: get ,callibg getRecipes
2024-12-26 13:45:05 [info]: success with getRecipes
2024-12-26 13:45:07 [info]: get fetchRecipesCategory - calling recipes of Meat category
2024-12-26 13:45:07 [info]: success with fetchRecipesCategory category: Meat
2024-12-26 13:45:08 [info]: get fetchRecipesCategory - calling recipes of Meat category
2024-12-26 13:45:08 [info]: success with fetchRecipesCategory category: Meat
2024-12-26 13:45:09 [info]: get ,callibg getRecipes
2024-12-26 13:45:09 [info]: success with getRecipes
2024-12-26 13:45:09 [info]: get ,callibg getRecipes
2024-12-26 13:45:10 [info]: success with getRecipes
2024-12-26 13:45:10 [info]: get fetchRecipe - calling recipe with ID: 12345
2024-12-26 13:45:11 [info]: success with fetchRecipe id: 12345
2024-12-26 13:45:11 [info]: get fetchRecipe - calling recipe with ID: 12345
2024-12-26 13:45:11 [info]: success with fetchRecipe id: 12345
2024-12-26 13:45:12 [info]: get ,callibg getRecipes
2024-12-26 13:45:12 [info]: success with getRecipes
2024-12-26 13:45:12 [info]: get ,callibg getRecipes
2024-12-26 13:45:12 [info]: success with getRecipes
2024-12-26 13:45:14 [info]: get fetchRecipe - calling recipe with ID: 8
2024-12-26 13:45:14 [info]: success with fetchRecipe id: 8
2024-12-26 13:45:14 [info]: get fetchRecipe - calling recipe with ID: 8
2024-12-26 13:45:14 [info]: success with fetchRecipe id: 8
2024-12-26 13:45:18 [info]: get ,callibg getRecipes
2024-12-26 13:45:18 [info]: success with getRecipes
2024-12-26 13:45:18 [info]: get ,callibg getRecipes
2024-12-26 13:45:19 [info]: success with getRecipes
2024-12-26 13:45:19 [info]: get fetchRecipe - calling recipe with ID: 8
2024-12-26 13:45:20 [info]: success with fetchRecipe id: 8
2024-12-26 13:45:20 [info]: get fetchRecipe - calling recipe with ID: 8
2024-12-26 13:45:20 [info]: success with fetchRecipe id: 8
2024-12-26 13:45:22 [info]: get ,callibg getRecipes
2024-12-26 13:45:22 [info]: success with getRecipes
2024-12-26 13:45:22 [info]: get ,callibg getRecipes
2024-12-26 13:45:22 [info]: success with getRecipes
2024-12-26 13:45:23 [info]: get fetchRecipe - calling recipe with ID: 1
2024-12-26 13:45:24 [info]: success with fetchRecipe id: 1
2024-12-26 13:45:24 [info]: get fetchRecipe - calling recipe with ID: 1
2024-12-26 13:45:24 [info]: success with fetchRecipe id: 1
2024-12-26 13:45:25 [info]: get ,callibg getRecipes
2024-12-26 13:45:25 [info]: success with getRecipes
2024-12-26 13:45:25 [info]: get ,callibg getRecipes
2024-12-26 13:45:25 [info]: success with getRecipes
2024-12-26 13:45:27 [info]: get fetchRecipe - calling recipe with ID: 10
2024-12-26 13:45:27 [info]: success with fetchRecipe id: 10
2024-12-26 13:45:27 [info]: get fetchRecipe - calling recipe with ID: 10
2024-12-26 13:45:28 [info]: success with fetchRecipe id: 10
2024-12-26 13:45:35 [info]: get ,callibg getRecipes
2024-12-26 13:45:35 [info]: success with getRecipes
2024-12-26 13:45:35 [info]: get ,callibg getRecipes
2024-12-26 13:45:35 [info]: success with getRecipes
2024-12-26 13:55:04 [info]: Calling checkForChef with email: ruchamawilk@gmail.com and password: 1234567
2024-12-26 13:55:04 [info]: success with checkForChef
2024-12-26 13:55:04 [info]: get ,callibg getRecipes
2024-12-26 13:55:04 [info]: success with getRecipes
2024-12-26 13:55:04 [info]: get ,callibg getRecipes
2024-12-26 13:55:04 [info]: success with getRecipes
2024-12-26 13:57:34 [info]: Calling checkForChef with email: ruchamawilk@gmail.com and password: 1234567
2024-12-26 13:57:34 [info]: checkForChef- find chef with email: ruchamawilk@gmail.com and password 1234567
2024-12-26 13:57:34 [info]: found a chef with the email" ruchamawilk@gmail.com
2024-12-26 13:57:34 [info]: found a chef with email: ruchamawilk@gmail.com and password 1234567 
2024-12-26 13:57:34 [info]: success with checkForChef
2024-12-26 13:57:34 [info]: get ,callibg getRecipes
2024-12-26 13:57:34 [info]: success with getRecipes
2024-12-26 13:57:34 [info]: get ,callibg getRecipes
2024-12-26 13:57:34 [info]: success with getRecipes
2024-12-26 13:59:51 [info]: get ,callibg getRecipes
2024-12-26 13:59:51 [info]: success with getRecipes
2024-12-26 13:59:51 [info]: get ,callibg getRecipes
2024-12-26 13:59:51 [info]: success with getRecipes
2024-12-26 13:59:52 [info]: get fetchRecipe - calling recipe with ID: 1
2024-12-26 13:59:52 [info]: success with fetchRecipe id: 1
2024-12-26 13:59:52 [info]: get fetchRecipe - calling recipe with ID: 1
2024-12-26 13:59:52 [info]: success with fetchRecipe id: 1
2024-12-26 13:59:52 [info]: get fetchRecipe - calling recipe with ID: 1
2024-12-26 13:59:52 [info]: success with fetchRecipe id: 1
2024-12-26 13:59:52 [info]: get fetchRecipe - calling recipe with ID: 1
2024-12-26 13:59:53 [info]: success with fetchRecipe id: 1
2024-12-26 13:59:53 [info]: get fetchRecipe - calling recipe with ID: 1
2024-12-26 13:59:53 [info]: success with fetchRecipe id: 1
2024-12-26 13:59:53 [info]: get fetchRecipe - calling recipe with ID: 1
2024-12-26 13:59:53 [info]: success with fetchRecipe id: 1
2024-12-26 13:59:53 [info]: get fetchRecipe - calling recipe with ID: 1
2024-12-26 13:59:53 [info]: success with fetchRecipe id: 1
2024-12-26 13:59:53 [info]: get fetchRecipe - calling recipe with ID: 1
2024-12-26 13:59:53 [info]: success with fetchRecipe id: 1
2024-12-26 13:59:53 [info]: get fetchRecipe - calling recipe with ID: 1
2024-12-26 13:59:54 [info]: success with fetchRecipe id: 1
2024-12-26 13:59:54 [info]: get fetchRecipe - calling recipe with ID: 1
2024-12-26 13:59:54 [info]: success with fetchRecipe id: 1
2024-12-26 13:59:54 [info]: get fetchRecipe - calling recipe with ID: 1
2024-12-26 13:59:54 [info]: success with fetchRecipe id: 1
2024-12-26 13:59:54 [info]: get fetchRecipe - calling recipe with ID: 1
2024-12-26 13:59:54 [info]: success with fetchRecipe id: 1
2024-12-26 13:59:54 [info]: get fetchRecipe - calling recipe with ID: 1
2024-12-26 13:59:54 [info]: success with fetchRecipe id: 1
2024-12-26 13:59:54 [info]: get fetchRecipe - calling recipe with ID: 1
2024-12-26 13:59:54 [info]: success with fetchRecipe id: 1
2024-12-26 13:59:54 [info]: get fetchRecipe - calling recipe with ID: 1
2024-12-26 13:59:55 [info]: success with fetchRecipe id: 1
2024-12-26 13:59:55 [info]: get fetchRecipe - calling recipe with ID: 1
2024-12-26 13:59:55 [info]: get fetchRecipe - calling recipe with ID: 1
2024-12-26 13:59:55 [info]: success with fetchRecipe id: 1
2024-12-26 13:59:55 [info]: success with fetchRecipe id: 1
2024-12-26 13:59:55 [info]: get fetchRecipe - calling recipe with ID: 1
2024-12-26 13:59:55 [info]: success with fetchRecipe id: 1
2024-12-26 13:59:55 [info]: get fetchRecipe - calling recipe with ID: 1
2024-12-26 13:59:55 [info]: success with fetchRecipe id: 1
2024-12-26 13:59:55 [info]: get fetchRecipe - calling recipe with ID: 1
2024-12-26 13:59:56 [info]: success with fetchRecipe id: 1
2024-12-26 13:59:56 [info]: get fetchRecipe - calling recipe with ID: 1
2024-12-26 13:59:56 [info]: success with fetchRecipe id: 1
2024-12-26 13:59:56 [info]: get fetchRecipe - calling recipe with ID: 1
2024-12-26 13:59:56 [info]: success with fetchRecipe id: 1
2024-12-26 13:59:56 [info]: get fetchRecipe - calling recipe with ID: 1
2024-12-26 13:59:56 [info]: success with fetchRecipe id: 1
2024-12-26 13:59:56 [info]: get fetchRecipe - calling recipe with ID: 1
2024-12-26 13:59:56 [info]: success with fetchRecipe id: 1
2024-12-26 13:59:56 [info]: get fetchRecipe - calling recipe with ID: 1
2024-12-26 13:59:56 [info]: success with fetchRecipe id: 1
2024-12-26 13:59:56 [info]: get fetchRecipe - calling recipe with ID: 1
2024-12-26 13:59:57 [info]: success with fetchRecipe id: 1
2024-12-26 13:59:57 [info]: get fetchRecipe - calling recipe with ID: 1
2024-12-26 13:59:57 [info]: success with fetchRecipe id: 1
2024-12-26 13:59:57 [info]: get fetchRecipe - calling recipe with ID: 1
2024-12-26 13:59:57 [info]: success with fetchRecipe id: 1
2024-12-26 13:59:57 [info]: get fetchRecipe - calling recipe with ID: 1
2024-12-26 13:59:57 [info]: success with fetchRecipe id: 1
2024-12-26 13:59:57 [info]: get fetchRecipe - calling recipe with ID: 1
2024-12-26 13:59:57 [info]: success with fetchRecipe id: 1
2024-12-26 13:59:57 [info]: get fetchRecipe - calling recipe with ID: 1
2024-12-26 13:59:57 [info]: success with fetchRecipe id: 1
2024-12-26 13:59:57 [info]: get fetchRecipe - calling recipe with ID: 1
2024-12-26 13:59:58 [info]: success with fetchRecipe id: 1
2024-12-26 13:59:58 [info]: get fetchRecipe - calling recipe with ID: 1
2024-12-26 13:59:58 [info]: success with fetchRecipe id: 1
2024-12-26 13:59:58 [info]: get fetchRecipe - calling recipe with ID: 1
2024-12-26 13:59:58 [info]: success with fetchRecipe id: 1
2024-12-26 13:59:58 [info]: get fetchRecipe - calling recipe with ID: 1
2024-12-26 13:59:58 [info]: success with fetchRecipe id: 1
2024-12-26 13:59:58 [info]: get fetchRecipe - calling recipe with ID: 1
2024-12-26 13:59:58 [info]: success with fetchRecipe id: 1
2024-12-26 13:59:58 [info]: get fetchRecipe - calling recipe with ID: 1
2024-12-26 13:59:58 [info]: success with fetchRecipe id: 1
2024-12-26 13:59:58 [info]: get fetchRecipe - calling recipe with ID: 1
2024-12-26 13:59:59 [info]: success with fetchRecipe id: 1
2024-12-26 13:59:59 [info]: get fetchRecipe - calling recipe with ID: 1
2024-12-26 13:59:59 [info]: success with fetchRecipe id: 1
2024-12-26 13:59:59 [info]: get fetchRecipe - calling recipe with ID: 1
2024-12-26 13:59:59 [info]: success with fetchRecipe id: 1
2024-12-26 13:59:59 [info]: get fetchRecipe - calling recipe with ID: 1
2024-12-26 13:59:59 [info]: success with fetchRecipe id: 1
2024-12-26 13:59:59 [info]: get fetchRecipe - calling recipe with ID: 1
2024-12-26 13:59:59 [info]: success with fetchRecipe id: 1
2024-12-26 13:59:59 [info]: get fetchRecipe - calling recipe with ID: 1
2024-12-26 13:59:59 [info]: success with fetchRecipe id: 1
2024-12-26 13:59:59 [info]: get fetchRecipe - calling recipe with ID: 1
2024-12-26 14:00:00 [info]: success with fetchRecipe id: 1
2024-12-26 14:00:00 [info]: get fetchRecipe - calling recipe with ID: 1
2024-12-26 14:00:00 [info]: success with fetchRecipe id: 1
2024-12-26 14:00:00 [info]: get fetchRecipe - calling recipe with ID: 1
2024-12-26 14:00:00 [info]: success with fetchRecipe id: 1
2024-12-26 14:00:00 [info]: get fetchRecipe - calling recipe with ID: 1
2024-12-26 14:00:00 [info]: success with fetchRecipe id: 1
2024-12-26 14:00:00 [info]: get fetchRecipe - calling recipe with ID: 1
2024-12-26 14:00:00 [info]: success with fetchRecipe id: 1
2024-12-26 14:00:00 [info]: get fetchRecipe - calling recipe with ID: 1
2024-12-26 14:00:00 [info]: success with fetchRecipe id: 1
2024-12-26 14:00:00 [info]: get fetchRecipe - calling recipe with ID: 1
2024-12-26 14:00:01 [info]: success with fetchRecipe id: 1
2024-12-26 14:00:01 [info]: get fetchRecipe - calling recipe with ID: 1
2024-12-26 14:00:01 [info]: success with fetchRecipe id: 1
2024-12-26 14:00:01 [info]: get fetchRecipe - calling recipe with ID: 1
2024-12-26 14:00:01 [info]: success with fetchRecipe id: 1
2024-12-26 14:00:01 [info]: get fetchRecipe - calling recipe with ID: 1
2024-12-26 14:00:01 [info]: success with fetchRecipe id: 1
2024-12-26 14:00:01 [info]: get fetchRecipe - calling recipe with ID: 1
2024-12-26 14:00:01 [info]: success with fetchRecipe id: 1
2024-12-26 14:00:01 [info]: get fetchRecipe - calling recipe with ID: 1
2024-12-26 14:00:01 [info]: success with fetchRecipe id: 1
2024-12-26 14:00:01 [info]: get fetchRecipe - calling recipe with ID: 1
2024-12-26 14:00:02 [info]: success with fetchRecipe id: 1
2024-12-26 14:00:02 [info]: get fetchRecipe - calling recipe with ID: 1
2024-12-26 14:00:02 [info]: success with fetchRecipe id: 1
2024-12-26 14:00:02 [info]: get fetchRecipe - calling recipe with ID: 1
2024-12-26 14:00:02 [info]: success with fetchRecipe id: 1
2024-12-26 14:00:02 [info]: get fetchRecipe - calling recipe with ID: 1
2024-12-26 14:00:02 [info]: success with fetchRecipe id: 1
2024-12-26 14:00:02 [info]: get fetchRecipe - calling recipe with ID: 1
2024-12-26 14:00:02 [info]: success with fetchRecipe id: 1
2024-12-26 14:00:02 [info]: get fetchRecipe - calling recipe with ID: 1
2024-12-26 14:00:02 [info]: success with fetchRecipe id: 1
2024-12-26 14:00:02 [info]: get fetchRecipe - calling recipe with ID: 1
2024-12-26 14:00:03 [info]: success with fetchRecipe id: 1
2024-12-26 14:00:03 [info]: get fetchRecipe - calling recipe with ID: 1
2024-12-26 14:00:03 [info]: success with fetchRecipe id: 1
2024-12-26 14:00:03 [info]: get fetchRecipe - calling recipe with ID: 1
2024-12-26 14:00:03 [info]: success with fetchRecipe id: 1
2024-12-26 14:00:03 [info]: get fetchRecipe - calling recipe with ID: 1
2024-12-26 14:00:03 [info]: success with fetchRecipe id: 1
2024-12-26 14:00:03 [info]: get fetchRecipe - calling recipe with ID: 1
2024-12-26 14:00:03 [info]: success with fetchRecipe id: 1
2024-12-26 14:00:03 [info]: get fetchRecipe - calling recipe with ID: 1
2024-12-26 14:00:03 [info]: success with fetchRecipe id: 1
2024-12-26 14:00:03 [info]: get fetchRecipe - calling recipe with ID: 1
2024-12-26 14:00:04 [info]: success with fetchRecipe id: 1
2024-12-26 14:00:04 [info]: get fetchRecipe - calling recipe with ID: 1
2024-12-26 14:00:04 [info]: success with fetchRecipe id: 1
2024-12-26 14:00:04 [info]: get fetchRecipe - calling recipe with ID: 1
2024-12-26 14:00:04 [info]: success with fetchRecipe id: 1
2024-12-26 14:00:04 [info]: get fetchRecipe - calling recipe with ID: 1
2024-12-26 14:00:04 [info]: success with fetchRecipe id: 1
2024-12-26 14:00:04 [info]: get fetchRecipe - calling recipe with ID: 1
2024-12-26 14:00:04 [info]: success with fetchRecipe id: 1
2024-12-26 14:00:04 [info]: get fetchRecipe - calling recipe with ID: 1
2024-12-26 14:00:04 [info]: success with fetchRecipe id: 1
2024-12-26 14:00:04 [info]: get fetchRecipe - calling recipe with ID: 1
2024-12-26 14:00:04 [info]: success with fetchRecipe id: 1
2024-12-26 14:00:04 [info]: get fetchRecipe - calling recipe with ID: 1
2024-12-26 14:00:05 [info]: success with fetchRecipe id: 1
2024-12-26 14:00:05 [info]: get fetchRecipe - calling recipe with ID: 1
2024-12-26 14:00:05 [info]: success with fetchRecipe id: 1
2024-12-26 14:00:05 [info]: get fetchRecipe - calling recipe with ID: 1
2024-12-26 14:00:05 [info]: success with fetchRecipe id: 1
2024-12-26 14:00:05 [info]: get fetchRecipe - calling recipe with ID: 1
2024-12-26 14:00:05 [info]: success with fetchRecipe id: 1
2024-12-26 14:00:05 [info]: get fetchRecipe - calling recipe with ID: 1
2024-12-26 14:00:05 [info]: success with fetchRecipe id: 1
2024-12-26 14:00:05 [info]: get fetchRecipe - calling recipe with ID: 1
2024-12-26 14:00:05 [info]: success with fetchRecipe id: 1
2024-12-26 14:00:05 [info]: get fetchRecipe - calling recipe with ID: 1
2024-12-26 14:00:06 [info]: success with fetchRecipe id: 1
2024-12-26 14:00:06 [info]: get fetchRecipe - calling recipe with ID: 1
2024-12-26 14:00:06 [info]: success with fetchRecipe id: 1
2024-12-26 14:00:06 [info]: get fetchRecipe - calling recipe with ID: 1
2024-12-26 14:00:06 [info]: success with fetchRecipe id: 1
2024-12-26 14:00:06 [info]: get fetchRecipe - calling recipe with ID: 1
2024-12-26 14:00:06 [info]: success with fetchRecipe id: 1
2024-12-26 14:00:06 [info]: get fetchRecipe - calling recipe with ID: 1
2024-12-26 14:00:06 [info]: success with fetchRecipe id: 1
2024-12-26 14:00:06 [info]: get fetchRecipe - calling recipe with ID: 1
2024-12-26 14:00:06 [info]: success with fetchRecipe id: 1
2024-12-26 14:00:06 [info]: get fetchRecipe - calling recipe with ID: 1
2024-12-26 14:00:07 [info]: success with fetchRecipe id: 1
2024-12-26 14:00:07 [info]: get fetchRecipe - calling recipe with ID: 1
2024-12-26 14:00:07 [info]: success with fetchRecipe id: 1
2024-12-26 14:00:07 [info]: get fetchRecipe - calling recipe with ID: 1
2024-12-26 14:00:07 [info]: success with fetchRecipe id: 1
2024-12-26 14:00:07 [info]: get fetchRecipe - calling recipe with ID: 1
2024-12-26 14:00:07 [info]: success with fetchRecipe id: 1
2024-12-26 14:00:07 [info]: get fetchRecipe - calling recipe with ID: 1
2024-12-26 14:00:07 [info]: success with fetchRecipe id: 1
2024-12-26 14:00:07 [info]: get fetchRecipe - calling recipe with ID: 1
2024-12-26 14:00:07 [info]: success with fetchRecipe id: 1
2024-12-26 14:00:07 [info]: get fetchRecipe - calling recipe with ID: 1
2024-12-26 14:00:08 [info]: success with fetchRecipe id: 1
2024-12-26 14:00:08 [info]: get fetchRecipe - calling recipe with ID: 1
2024-12-26 14:00:08 [info]: success with fetchRecipe id: 1
2024-12-26 14:00:08 [info]: get fetchRecipe - calling recipe with ID: 1
2024-12-26 14:00:08 [info]: success with fetchRecipe id: 1
2024-12-26 14:00:08 [info]: get fetchRecipe - calling recipe with ID: 1
2024-12-26 14:00:08 [info]: success with fetchRecipe id: 1
2024-12-26 14:00:08 [info]: get fetchRecipe - calling recipe with ID: 1
2024-12-26 14:00:08 [info]: success with fetchRecipe id: 1
2024-12-26 14:00:08 [info]: get fetchRecipe - calling recipe with ID: 1
2024-12-26 14:00:08 [info]: success with fetchRecipe id: 1
2024-12-26 14:00:08 [info]: get fetchRecipe - calling recipe with ID: 1
2024-12-26 14:00:09 [info]: success with fetchRecipe id: 1
2024-12-26 14:00:09 [info]: get fetchRecipe - calling recipe with ID: 1
2024-12-26 14:00:09 [info]: success with fetchRecipe id: 1
2024-12-26 14:00:09 [info]: get fetchRecipe - calling recipe with ID: 1
2024-12-26 14:00:09 [info]: success with fetchRecipe id: 1
2024-12-26 14:00:09 [info]: get fetchRecipe - calling recipe with ID: 1
2024-12-26 14:00:09 [info]: success with fetchRecipe id: 1
2024-12-26 14:00:09 [info]: get fetchRecipe - calling recipe with ID: 1
2024-12-26 14:00:09 [info]: success with fetchRecipe id: 1
2024-12-26 14:00:09 [info]: get fetchRecipe - calling recipe with ID: 1
2024-12-26 14:00:09 [info]: success with fetchRecipe id: 1
2024-12-26 14:00:09 [info]: get fetchRecipe - calling recipe with ID: 1
2024-12-26 14:00:09 [info]: success with fetchRecipe id: 1
2024-12-26 14:00:09 [info]: get fetchRecipe - calling recipe with ID: 1
2024-12-26 14:00:10 [info]: success with fetchRecipe id: 1
2024-12-26 14:00:10 [info]: get fetchRecipe - calling recipe with ID: 1
2024-12-26 14:00:10 [info]: success with fetchRecipe id: 1
2024-12-26 14:00:10 [info]: get fetchRecipe - calling recipe with ID: 1
2024-12-26 14:00:10 [info]: success with fetchRecipe id: 1
2024-12-26 14:00:10 [info]: get fetchRecipe - calling recipe with ID: 1
2024-12-26 14:00:10 [info]: success with fetchRecipe id: 1
2024-12-26 14:00:10 [info]: get fetchRecipe - calling recipe with ID: 1
2024-12-26 14:00:10 [info]: success with fetchRecipe id: 1
2024-12-26 14:00:10 [info]: get fetchRecipe - calling recipe with ID: 1
2024-12-26 14:00:10 [info]: success with fetchRecipe id: 1
2024-12-26 14:00:10 [info]: get fetchRecipe - calling recipe with ID: 1
2024-12-26 14:00:11 [info]: success with fetchRecipe id: 1
2024-12-26 14:00:11 [info]: get fetchRecipe - calling recipe with ID: 1
2024-12-26 14:00:11 [info]: success with fetchRecipe id: 1
2024-12-26 14:00:11 [info]: get fetchRecipe - calling recipe with ID: 1
2024-12-26 14:00:11 [info]: success with fetchRecipe id: 1
2024-12-26 14:00:11 [info]: get fetchRecipe - calling recipe with ID: 1
2024-12-26 14:00:11 [info]: success with fetchRecipe id: 1
2024-12-26 14:00:11 [info]: get fetchRecipe - calling recipe with ID: 1
2024-12-26 14:00:11 [info]: success with fetchRecipe id: 1
2024-12-26 14:00:11 [info]: get fetchRecipe - calling recipe with ID: 1
2024-12-26 14:00:11 [info]: success with fetchRecipe id: 1
2024-12-26 14:00:11 [info]: get fetchRecipe - calling recipe with ID: 1
2024-12-26 14:00:12 [info]: success with fetchRecipe id: 1
2024-12-26 14:00:12 [info]: get fetchRecipe - calling recipe with ID: 1
2024-12-26 14:00:12 [info]: success with fetchRecipe id: 1
2024-12-26 14:00:12 [info]: get fetchRecipe - calling recipe with ID: 1
2024-12-26 14:00:12 [info]: success with fetchRecipe id: 1
2024-12-26 14:00:12 [info]: get fetchRecipe - calling recipe with ID: 1
2024-12-26 14:00:12 [info]: success with fetchRecipe id: 1
2024-12-26 14:00:12 [info]: get fetchRecipe - calling recipe with ID: 1
2024-12-26 14:00:12 [info]: success with fetchRecipe id: 1
2024-12-26 14:00:12 [info]: get fetchRecipe - calling recipe with ID: 1
2024-12-26 14:00:12 [info]: success with fetchRecipe id: 1
2024-12-26 14:00:12 [info]: get fetchRecipe - calling recipe with ID: 1
2024-12-26 14:00:12 [info]: success with fetchRecipe id: 1
2024-12-26 14:00:12 [info]: get fetchRecipe - calling recipe with ID: 1
2024-12-26 14:00:13 [info]: success with fetchRecipe id: 1
2024-12-26 14:00:13 [info]: get fetchRecipe - calling recipe with ID: 1
2024-12-26 14:00:13 [info]: success with fetchRecipe id: 1
2024-12-26 14:00:13 [info]: get fetchRecipe - calling recipe with ID: 1
2024-12-26 14:00:13 [info]: success with fetchRecipe id: 1
2024-12-26 14:00:13 [info]: get fetchRecipe - calling recipe with ID: 1
2024-12-26 14:00:13 [info]: success with fetchRecipe id: 1
2024-12-26 14:00:13 [info]: get fetchRecipe - calling recipe with ID: 1
2024-12-26 14:00:13 [info]: success with fetchRecipe id: 1
2024-12-26 14:00:13 [info]: get fetchRecipe - calling recipe with ID: 1
2024-12-26 14:00:13 [info]: success with fetchRecipe id: 1
2024-12-26 14:00:13 [info]: get fetchRecipe - calling recipe with ID: 1
2024-12-26 14:00:14 [info]: success with fetchRecipe id: 1
2024-12-26 14:00:14 [info]: get fetchRecipe - calling recipe with ID: 1
2024-12-26 14:00:14 [info]: success with fetchRecipe id: 1
2024-12-26 14:00:14 [info]: get fetchRecipe - calling recipe with ID: 1
2024-12-26 14:00:14 [info]: success with fetchRecipe id: 1
2024-12-26 14:00:14 [info]: get fetchRecipe - calling recipe with ID: 1
2024-12-26 14:00:14 [info]: success with fetchRecipe id: 1
2024-12-26 14:00:14 [info]: get fetchRecipe - calling recipe with ID: 1
2024-12-26 14:00:14 [info]: success with fetchRecipe id: 1
2024-12-26 14:00:14 [info]: get fetchRecipe - calling recipe with ID: 1
2024-12-26 14:00:14 [info]: success with fetchRecipe id: 1
2024-12-26 14:00:14 [info]: get fetchRecipe - calling recipe with ID: 1
2024-12-26 14:00:15 [info]: success with fetchRecipe id: 1
2024-12-26 14:00:15 [info]: get fetchRecipe - calling recipe with ID: 1
2024-12-26 14:00:15 [info]: success with fetchRecipe id: 1
2024-12-26 14:00:15 [info]: get fetchRecipe - calling recipe with ID: 1
2024-12-26 14:00:15 [info]: success with fetchRecipe id: 1
2024-12-26 14:00:15 [info]: get fetchRecipe - calling recipe with ID: 1
2024-12-26 14:00:15 [info]: success with fetchRecipe id: 1
2024-12-26 14:00:15 [info]: get fetchRecipe - calling recipe with ID: 1
2024-12-26 14:00:15 [info]: success with fetchRecipe id: 1
2024-12-26 14:00:15 [info]: get fetchRecipe - calling recipe with ID: 1
2024-12-26 14:00:16 [info]: success with fetchRecipe id: 1
2024-12-26 14:00:16 [info]: get fetchRecipe - calling recipe with ID: 1
2024-12-26 14:00:16 [info]: success with fetchRecipe id: 1
2024-12-26 14:00:16 [info]: get fetchRecipe - calling recipe with ID: 1
2024-12-26 14:00:16 [info]: success with fetchRecipe id: 1
2024-12-26 14:00:16 [info]: get fetchRecipe - calling recipe with ID: 1
2024-12-26 14:00:16 [info]: success with fetchRecipe id: 1
2024-12-26 14:00:16 [info]: get fetchRecipe - calling recipe with ID: 1
2024-12-26 14:00:16 [info]: success with fetchRecipe id: 1
2024-12-26 14:00:16 [info]: get fetchRecipe - calling recipe with ID: 1
2024-12-26 14:00:17 [info]: success with fetchRecipe id: 1
2024-12-26 14:00:17 [info]: get fetchRecipe - calling recipe with ID: 1
2024-12-26 14:00:17 [info]: success with fetchRecipe id: 1
2024-12-26 14:00:17 [info]: get fetchRecipe - calling recipe with ID: 1
2024-12-26 14:00:17 [info]: success with fetchRecipe id: 1
2024-12-26 14:00:17 [info]: get fetchRecipe - calling recipe with ID: 1
2024-12-26 14:00:17 [info]: success with fetchRecipe id: 1
2024-12-26 14:00:17 [info]: get fetchRecipe - calling recipe with ID: 1
2024-12-26 14:00:17 [info]: success with fetchRecipe id: 1
2024-12-26 14:00:17 [info]: get fetchRecipe - calling recipe with ID: 1
2024-12-26 14:00:17 [info]: success with fetchRecipe id: 1
2024-12-26 14:00:17 [info]: get fetchRecipe - calling recipe with ID: 1
2024-12-26 14:00:18 [info]: success with fetchRecipe id: 1
2024-12-26 14:00:18 [info]: get fetchRecipe - calling recipe with ID: 1
2024-12-26 14:00:18 [info]: success with fetchRecipe id: 1
2024-12-26 14:00:18 [info]: get fetchRecipe - calling recipe with ID: 1
2024-12-26 14:00:18 [info]: success with fetchRecipe id: 1
2024-12-26 14:00:18 [info]: get fetchRecipe - calling recipe with ID: 1
2024-12-26 14:00:18 [info]: success with fetchRecipe id: 1
2024-12-26 14:00:18 [info]: get fetchRecipe - calling recipe with ID: 1
2024-12-26 14:00:18 [info]: success with fetchRecipe id: 1
2024-12-26 14:00:18 [info]: get fetchRecipe - calling recipe with ID: 1
2024-12-26 14:00:19 [info]: success with fetchRecipe id: 1
2024-12-26 14:00:19 [info]: get fetchRecipe - calling recipe with ID: 1
2024-12-26 14:00:19 [info]: success with fetchRecipe id: 1
2024-12-26 14:00:19 [info]: get fetchRecipe - calling recipe with ID: 1
2024-12-26 14:00:19 [info]: success with fetchRecipe id: 1
2024-12-26 14:00:19 [info]: get fetchRecipe - calling recipe with ID: 1
2024-12-26 14:00:19 [info]: success with fetchRecipe id: 1
2024-12-26 14:00:19 [info]: get fetchRecipe - calling recipe with ID: 1
2024-12-26 14:00:19 [info]: success with fetchRecipe id: 1
2024-12-26 14:00:19 [info]: get fetchRecipe - calling recipe with ID: 1
2024-12-26 14:00:20 [info]: success with fetchRecipe id: 1
2024-12-26 14:00:20 [info]: get fetchRecipe - calling recipe with ID: 1
2024-12-26 14:00:20 [info]: success with fetchRecipe id: 1
2024-12-26 14:00:20 [info]: get fetchRecipe - calling recipe with ID: 1
2024-12-26 14:00:20 [info]: success with fetchRecipe id: 1
2024-12-26 14:00:20 [info]: get fetchRecipe - calling recipe with ID: 1
2024-12-26 14:00:20 [info]: success with fetchRecipe id: 1
2024-12-26 14:00:20 [info]: get fetchRecipe - calling recipe with ID: 1
2024-12-26 14:00:20 [info]: success with fetchRecipe id: 1
2024-12-26 14:00:20 [info]: get fetchRecipe - calling recipe with ID: 1
2024-12-26 14:00:20 [info]: success with fetchRecipe id: 1
2024-12-26 14:00:20 [info]: get fetchRecipe - calling recipe with ID: 1
2024-12-26 14:00:21 [info]: success with fetchRecipe id: 1
2024-12-26 14:00:21 [info]: get fetchRecipe - calling recipe with ID: 1
2024-12-26 14:00:21 [info]: success with fetchRecipe id: 1
2024-12-26 14:00:21 [info]: get fetchRecipe - calling recipe with ID: 1
2024-12-26 14:00:21 [info]: success with fetchRecipe id: 1
2024-12-26 14:00:21 [info]: get fetchRecipe - calling recipe with ID: 1
2024-12-26 14:00:21 [info]: success with fetchRecipe id: 1
2024-12-26 14:00:21 [info]: get fetchRecipe - calling recipe with ID: 1
2024-12-26 14:00:21 [info]: success with fetchRecipe id: 1
2024-12-26 14:00:21 [info]: get fetchRecipe - calling recipe with ID: 1
2024-12-26 14:00:21 [info]: success with fetchRecipe id: 1
2024-12-26 14:00:21 [info]: get fetchRecipe - calling recipe with ID: 1
2024-12-26 14:00:22 [info]: success with fetchRecipe id: 1
2024-12-26 14:00:22 [info]: get fetchRecipe - calling recipe with ID: 1
2024-12-26 14:00:22 [info]: success with fetchRecipe id: 1
2024-12-26 14:00:22 [info]: get fetchRecipe - calling recipe with ID: 1
2024-12-26 14:00:22 [info]: success with fetchRecipe id: 1
2024-12-26 14:00:22 [info]: get fetchRecipe - calling recipe with ID: 1
2024-12-26 14:00:22 [info]: success with fetchRecipe id: 1
2024-12-26 14:00:22 [info]: get fetchRecipe - calling recipe with ID: 1
2024-12-26 14:00:22 [info]: success with fetchRecipe id: 1
2024-12-26 14:00:22 [info]: get fetchRecipe - calling recipe with ID: 1
2024-12-26 14:00:22 [info]: success with fetchRecipe id: 1
2024-12-26 14:00:22 [info]: get fetchRecipe - calling recipe with ID: 1
2024-12-26 14:00:23 [info]: success with fetchRecipe id: 1
2024-12-26 14:00:23 [info]: get fetchRecipe - calling recipe with ID: 1
2024-12-26 14:00:23 [info]: success with fetchRecipe id: 1
2024-12-26 14:00:23 [info]: get fetchRecipe - calling recipe with ID: 1
2024-12-26 14:00:23 [info]: success with fetchRecipe id: 1
2024-12-26 14:00:23 [info]: get fetchRecipe - calling recipe with ID: 1
2024-12-26 14:00:23 [info]: success with fetchRecipe id: 1
2024-12-26 14:00:23 [info]: get fetchRecipe - calling recipe with ID: 1
2024-12-26 14:00:23 [info]: success with fetchRecipe id: 1
2024-12-26 14:00:23 [info]: get fetchRecipe - calling recipe with ID: 1
2024-12-26 14:00:23 [info]: success with fetchRecipe id: 1
2024-12-26 14:00:23 [info]: get fetchRecipe - calling recipe with ID: 1
2024-12-26 14:00:24 [info]: success with fetchRecipe id: 1
2024-12-26 14:00:24 [info]: get fetchRecipe - calling recipe with ID: 1
2024-12-26 14:00:24 [info]: success with fetchRecipe id: 1
2024-12-26 14:00:24 [info]: get fetchRecipe - calling recipe with ID: 1
2024-12-26 14:00:24 [info]: success with fetchRecipe id: 1
2024-12-26 14:00:24 [info]: get fetchRecipe - calling recipe with ID: 1
2024-12-26 14:00:24 [info]: success with fetchRecipe id: 1
2024-12-26 14:00:24 [info]: get fetchRecipe - calling recipe with ID: 1
2024-12-26 14:00:24 [info]: success with fetchRecipe id: 1
2024-12-26 14:00:24 [info]: get fetchRecipe - calling recipe with ID: 1
2024-12-26 14:00:24 [info]: success with fetchRecipe id: 1
2024-12-26 14:00:24 [info]: get fetchRecipe - calling recipe with ID: 1
2024-12-26 14:00:24 [info]: success with fetchRecipe id: 1
2024-12-26 14:00:24 [info]: get fetchRecipe - calling recipe with ID: 1
2024-12-26 14:00:25 [info]: success with fetchRecipe id: 1
2024-12-26 14:00:25 [info]: get fetchRecipe - calling recipe with ID: 1
2024-12-26 14:00:25 [info]: success with fetchRecipe id: 1
2024-12-26 14:00:25 [info]: get fetchRecipe - calling recipe with ID: 1
2024-12-26 14:00:25 [info]: success with fetchRecipe id: 1
2024-12-26 14:00:25 [info]: get fetchRecipe - calling recipe with ID: 1
2024-12-26 14:00:25 [info]: success with fetchRecipe id: 1
2024-12-26 14:00:25 [info]: get fetchRecipe - calling recipe with ID: 1
2024-12-26 14:00:25 [info]: success with fetchRecipe id: 1
2024-12-26 14:00:25 [info]: get fetchRecipe - calling recipe with ID: 1
2024-12-26 14:00:25 [info]: success with fetchRecipe id: 1
2024-12-26 14:00:25 [info]: get fetchRecipe - calling recipe with ID: 1
2024-12-26 14:00:26 [info]: success with fetchRecipe id: 1
2024-12-26 14:00:26 [info]: get fetchRecipe - calling recipe with ID: 1
2024-12-26 14:00:26 [info]: success with fetchRecipe id: 1
2024-12-26 14:00:26 [info]: get fetchRecipe - calling recipe with ID: 1
2024-12-26 14:00:26 [info]: success with fetchRecipe id: 1
2024-12-26 14:00:26 [info]: get fetchRecipe - calling recipe with ID: 1
2024-12-26 14:00:26 [info]: success with fetchRecipe id: 1
2024-12-26 14:00:26 [info]: get fetchRecipe - calling recipe with ID: 1
2024-12-26 14:00:26 [info]: success with fetchRecipe id: 1
2024-12-26 14:00:26 [info]: get fetchRecipe - calling recipe with ID: 1
2024-12-26 14:00:26 [info]: success with fetchRecipe id: 1
2024-12-26 14:00:26 [info]: get fetchRecipe - calling recipe with ID: 1
2024-12-26 14:00:28 [info]: success with fetchRecipe id: 1
2024-12-26 14:00:28 [info]: get fetchRecipe - calling recipe with ID: 1
2024-12-26 14:00:28 [info]: success with fetchRecipe id: 1
2024-12-26 14:00:28 [info]: get fetchRecipe - calling recipe with ID: 1
2024-12-26 14:00:28 [info]: success with fetchRecipe id: 1
2024-12-26 14:00:28 [info]: get fetchRecipe - calling recipe with ID: 1
2024-12-26 14:00:28 [info]: success with fetchRecipe id: 1
2024-12-26 14:00:28 [info]: get fetchRecipe - calling recipe with ID: 1
2024-12-26 14:00:28 [info]: success with fetchRecipe id: 1
2024-12-26 14:00:28 [info]: get fetchRecipe - calling recipe with ID: 1
2024-12-26 14:00:28 [info]: success with fetchRecipe id: 1
2024-12-26 14:00:28 [info]: get fetchRecipe - calling recipe with ID: 1
2024-12-26 14:00:29 [info]: success with fetchRecipe id: 1
2024-12-26 14:00:29 [info]: get fetchRecipe - calling recipe with ID: 1
2024-12-26 14:00:29 [info]: success with fetchRecipe id: 1
2024-12-26 14:00:29 [info]: get fetchRecipe - calling recipe with ID: 1
2024-12-26 14:00:29 [info]: success with fetchRecipe id: 1
2024-12-26 14:00:29 [info]: get fetchRecipe - calling recipe with ID: 1
2024-12-26 14:00:29 [info]: success with fetchRecipe id: 1
2024-12-26 14:00:29 [info]: get fetchRecipe - calling recipe with ID: 1
2024-12-26 14:00:29 [info]: success with fetchRecipe id: 1
2024-12-26 14:00:29 [info]: get fetchRecipe - calling recipe with ID: 1
2024-12-26 14:00:29 [info]: success with fetchRecipe id: 1
2024-12-26 14:00:29 [info]: get fetchRecipe - calling recipe with ID: 1
2024-12-26 14:00:30 [info]: success with fetchRecipe id: 1
2024-12-26 14:00:30 [info]: get fetchRecipe - calling recipe with ID: 1
2024-12-26 14:00:30 [info]: success with fetchRecipe id: 1
2024-12-26 14:00:30 [info]: get fetchRecipe - calling recipe with ID: 1
2024-12-26 14:00:30 [info]: success with fetchRecipe id: 1
2024-12-26 14:00:30 [info]: get fetchRecipe - calling recipe with ID: 1
2024-12-26 14:00:30 [info]: success with fetchRecipe id: 1
2024-12-26 14:00:30 [info]: get fetchRecipe - calling recipe with ID: 1
2024-12-26 14:00:30 [info]: success with fetchRecipe id: 1
2024-12-26 14:00:30 [info]: get fetchRecipe - calling recipe with ID: 1
2024-12-26 14:00:30 [info]: success with fetchRecipe id: 1
2024-12-26 14:00:30 [info]: get fetchRecipe - calling recipe with ID: 1
2024-12-26 14:00:31 [info]: success with fetchRecipe id: 1
2024-12-26 14:00:31 [info]: get fetchRecipe - calling recipe with ID: 1
2024-12-26 14:00:31 [info]: success with fetchRecipe id: 1
2024-12-26 14:00:31 [info]: get fetchRecipe - calling recipe with ID: 1
2024-12-26 14:00:31 [info]: success with fetchRecipe id: 1
2024-12-26 14:00:31 [info]: get fetchRecipe - calling recipe with ID: 1
2024-12-26 14:00:31 [info]: success with fetchRecipe id: 1
2024-12-26 14:00:31 [info]: get fetchRecipe - calling recipe with ID: 1
2024-12-26 14:00:31 [info]: success with fetchRecipe id: 1
2024-12-26 14:00:31 [info]: get fetchRecipe - calling recipe with ID: 1
2024-12-26 14:00:32 [info]: success with fetchRecipe id: 1
2024-12-26 14:00:32 [info]: get fetchRecipe - calling recipe with ID: 1
2024-12-26 14:00:32 [info]: success with fetchRecipe id: 1
2024-12-26 14:00:32 [info]: get fetchRecipe - calling recipe with ID: 1
2024-12-26 14:00:32 [info]: success with fetchRecipe id: 1
2024-12-26 14:00:32 [info]: get fetchRecipe - calling recipe with ID: 1
2024-12-26 14:00:32 [info]: success with fetchRecipe id: 1
2024-12-26 14:00:32 [info]: get fetchRecipe - calling recipe with ID: 1
2024-12-26 14:00:32 [info]: get fetchRecipe - calling recipe with ID: 1
2024-12-26 14:00:32 [info]: success with fetchRecipe id: 1
2024-12-26 14:00:32 [info]: get fetchRecipe - calling recipe with ID: 1
2024-12-26 14:00:33 [info]: success with fetchRecipe id: 1
2024-12-26 14:00:33 [info]: success with fetchRecipe id: 1
2024-12-26 14:00:33 [info]: get fetchRecipe - calling recipe with ID: 1
2024-12-26 14:00:33 [info]: success with fetchRecipe id: 1
2024-12-26 14:00:33 [info]: get fetchRecipe - calling recipe with ID: 1
2024-12-26 14:00:33 [info]: get fetchRecipe - calling recipe with ID: 1
2024-12-26 14:00:33 [info]: get fetchRecipe - calling recipe with ID: 1
2024-12-26 14:00:33 [info]: get fetchRecipe - calling recipe with ID: 1
2024-12-26 14:00:33 [info]: success with fetchRecipe id: 1
2024-12-26 14:00:33 [info]: get fetchRecipe - calling recipe with ID: 1
2024-12-26 14:00:33 [info]: success with fetchRecipe id: 1
2024-12-26 14:00:33 [info]: get fetchRecipe - calling recipe with ID: 1
2024-12-26 14:00:33 [info]: success with fetchRecipe id: 1
2024-12-26 14:00:33 [info]: get fetchRecipe - calling recipe with ID: 1
2024-12-26 14:00:33 [info]: success with fetchRecipe id: 1
2024-12-26 14:00:33 [info]: get fetchRecipe - calling recipe with ID: 1
2024-12-26 14:00:33 [info]: success with fetchRecipe id: 1
2024-12-26 14:00:33 [info]: get fetchRecipe - calling recipe with ID: 1
2024-12-26 14:00:33 [info]: success with fetchRecipe id: 1
2024-12-26 14:00:33 [info]: success with fetchRecipe id: 1
2024-12-26 14:00:33 [info]: get fetchRecipe - calling recipe with ID: 1
2024-12-26 14:00:34 [info]: success with fetchRecipe id: 1
2024-12-26 14:00:34 [info]: get fetchRecipe - calling recipe with ID: 1
2024-12-26 14:00:34 [info]: get fetchRecipe - calling recipe with ID: 1
2024-12-26 14:00:34 [info]: get fetchRecipe - calling recipe with ID: 1
2024-12-26 14:00:34 [info]: success with fetchRecipe id: 1
2024-12-26 14:00:34 [info]: success with fetchRecipe id: 1
2024-12-26 14:00:34 [info]: get fetchRecipe - calling recipe with ID: 1
2024-12-26 14:00:34 [info]: success with fetchRecipe id: 1
2024-12-26 14:00:34 [info]: get fetchRecipe - calling recipe with ID: 1
2024-12-26 14:00:34 [info]: success with fetchRecipe id: 1
2024-12-26 14:00:34 [info]: success with fetchRecipe id: 1
2024-12-26 14:00:34 [info]: success with fetchRecipe id: 1
2024-12-26 14:00:34 [info]: get fetchRecipe - calling recipe with ID: 1
2024-12-26 14:00:34 [info]: success with fetchRecipe id: 1
2024-12-26 14:00:34 [info]: success with fetchRecipe id: 1
2024-12-26 14:00:34 [info]: get fetchRecipe - calling recipe with ID: 1
2024-12-26 14:00:34 [info]: get fetchRecipe - calling recipe with ID: 1
2024-12-26 14:00:34 [info]: success with fetchRecipe id: 1
2024-12-26 14:00:34 [info]: get fetchRecipe - calling recipe with ID: 1
2024-12-26 14:00:34 [info]: success with fetchRecipe id: 1
2024-12-26 14:00:34 [info]: get fetchRecipe - calling recipe with ID: 1
2024-12-26 14:00:34 [info]: success with fetchRecipe id: 1
2024-12-26 14:00:34 [info]: get fetchRecipe - calling recipe with ID: 1
2024-12-26 14:00:34 [info]: success with fetchRecipe id: 1
2024-12-26 14:00:34 [info]: success with fetchRecipe id: 1
2024-12-26 14:00:34 [info]: get fetchRecipe - calling recipe with ID: 1
2024-12-26 14:00:34 [info]: get fetchRecipe - calling recipe with ID: 1
2024-12-26 14:00:35 [info]: success with fetchRecipe id: 1
2024-12-26 14:00:35 [info]: success with fetchRecipe id: 1
2024-12-26 14:00:35 [info]: get fetchRecipe - calling recipe with ID: 1
2024-12-26 14:00:35 [info]: success with fetchRecipe id: 1
2024-12-26 14:00:35 [info]: get fetchRecipe - calling recipe with ID: 1
2024-12-26 14:00:35 [info]: get fetchRecipe - calling recipe with ID: 1
2024-12-26 14:00:35 [info]: success with fetchRecipe id: 1
2024-12-26 14:00:35 [info]: get fetchRecipe - calling recipe with ID: 1
2024-12-26 14:00:35 [info]: success with fetchRecipe id: 1
2024-12-26 14:00:35 [info]: get fetchRecipe - calling recipe with ID: 1
2024-12-26 14:00:35 [info]: success with fetchRecipe id: 1
2024-12-26 14:00:35 [info]: get fetchRecipe - calling recipe with ID: 1
2024-12-26 14:00:35 [info]: success with fetchRecipe id: 1
2024-12-26 14:00:35 [info]: success with fetchRecipe id: 1
2024-12-26 14:00:35 [info]: get fetchRecipe - calling recipe with ID: 1
2024-12-26 14:00:35 [info]: success with fetchRecipe id: 1
2024-12-26 14:00:35 [info]: get fetchRecipe - calling recipe with ID: 1
2024-12-26 14:00:35 [info]: success with fetchRecipe id: 1
2024-12-26 14:00:35 [info]: get fetchRecipe - calling recipe with ID: 1
2024-12-26 14:00:35 [info]: success with fetchRecipe id: 1
2024-12-26 14:00:35 [info]: get fetchRecipe - calling recipe with ID: 1
2024-12-26 14:00:36 [info]: get fetchRecipe - calling recipe with ID: 1
2024-12-26 14:00:36 [info]: success with fetchRecipe id: 1
2024-12-26 14:00:36 [info]: get fetchRecipe - calling recipe with ID: 1
2024-12-26 14:00:36 [info]: success with fetchRecipe id: 1
2024-12-26 14:00:36 [info]: success with fetchRecipe id: 1
2024-12-26 14:00:36 [info]: get fetchRecipe - calling recipe with ID: 1
2024-12-26 14:00:36 [info]: success with fetchRecipe id: 1
2024-12-26 14:00:36 [info]: get fetchRecipe - calling recipe with ID: 1
2024-12-26 14:00:36 [info]: get fetchRecipe - calling recipe with ID: 1
2024-12-26 14:00:36 [info]: success with fetchRecipe id: 1
2024-12-26 14:00:36 [info]: get fetchRecipe - calling recipe with ID: 1
2024-12-26 14:00:36 [info]: success with fetchRecipe id: 1
2024-12-26 14:00:36 [info]: success with fetchRecipe id: 1
2024-12-26 14:00:36 [info]: get fetchRecipe - calling recipe with ID: 1
2024-12-26 14:00:36 [info]: success with fetchRecipe id: 1
2024-12-26 14:00:36 [info]: get fetchRecipe - calling recipe with ID: 1
2024-12-26 14:00:36 [info]: success with fetchRecipe id: 1
2024-12-26 14:00:36 [info]: get fetchRecipe - calling recipe with ID: 1
2024-12-26 14:00:36 [info]: get fetchRecipe - calling recipe with ID: 1
2024-12-26 14:00:37 [info]: success with fetchRecipe id: 1
2024-12-26 14:00:37 [info]: success with fetchRecipe id: 1
2024-12-26 14:00:37 [info]: get fetchRecipe - calling recipe with ID: 1
2024-12-26 14:00:37 [info]: success with fetchRecipe id: 1
2024-12-26 14:00:37 [info]: get fetchRecipe - calling recipe with ID: 1
2024-12-26 14:00:37 [info]: get fetchRecipe - calling recipe with ID: 1
2024-12-26 14:00:37 [info]: success with fetchRecipe id: 1
2024-12-26 14:00:37 [info]: get fetchRecipe - calling recipe with ID: 1
2024-12-26 14:00:37 [info]: success with fetchRecipe id: 1
2024-12-26 14:00:37 [info]: success with fetchRecipe id: 1
2024-12-26 14:00:37 [info]: get fetchRecipe - calling recipe with ID: 1
2024-12-26 14:00:37 [info]: success with fetchRecipe id: 1
2024-12-26 14:00:37 [info]: get fetchRecipe - calling recipe with ID: 1
2024-12-26 14:00:37 [info]: get fetchRecipe - calling recipe with ID: 1
2024-12-26 14:00:37 [info]: success with fetchRecipe id: 1
2024-12-26 14:00:37 [info]: get fetchRecipe - calling recipe with ID: 1
2024-12-26 14:00:37 [info]: success with fetchRecipe id: 1
2024-12-26 14:00:37 [info]: success with fetchRecipe id: 1
2024-12-26 14:00:37 [info]: get fetchRecipe - calling recipe with ID: 1
2024-12-26 14:00:37 [info]: get fetchRecipe - calling recipe with ID: 1
2024-12-26 14:00:37 [info]: success with fetchRecipe id: 1
2024-12-26 14:00:37 [info]: success with fetchRecipe id: 1
2024-12-26 14:00:37 [info]: get fetchRecipe - calling recipe with ID: 1
2024-12-26 14:00:38 [info]: success with fetchRecipe id: 1
2024-12-26 14:00:38 [info]: get fetchRecipe - calling recipe with ID: 1
2024-12-26 14:00:38 [info]: get fetchRecipe - calling recipe with ID: 1
2024-12-26 14:00:38 [info]: success with fetchRecipe id: 1
2024-12-26 14:00:38 [info]: get fetchRecipe - calling recipe with ID: 1
2024-12-26 14:00:38 [info]: success with fetchRecipe id: 1
2024-12-26 14:00:38 [info]: get fetchRecipe - calling recipe with ID: 1
2024-12-26 14:00:38 [info]: success with fetchRecipe id: 1
2024-12-26 14:00:38 [info]: get fetchRecipe - calling recipe with ID: 1
2024-12-26 14:00:38 [info]: success with fetchRecipe id: 1
2024-12-26 14:00:38 [info]: success with fetchRecipe id: 1
2024-12-26 14:00:38 [info]: get fetchRecipe - calling recipe with ID: 1
2024-12-26 14:00:38 [info]: success with fetchRecipe id: 1
2024-12-26 14:00:38 [info]: get fetchRecipe - calling recipe with ID: 1
2024-12-26 14:00:38 [info]: get fetchRecipe - calling recipe with ID: 1
2024-12-26 14:00:38 [info]: success with fetchRecipe id: 1
2024-12-26 14:00:38 [info]: get fetchRecipe - calling recipe with ID: 1
2024-12-26 14:00:38 [info]: success with fetchRecipe id: 1
2024-12-26 14:00:38 [info]: get fetchRecipe - calling recipe with ID: 1
2024-12-26 14:00:38 [info]: success with fetchRecipe id: 1
2024-12-26 14:00:38 [info]: get fetchRecipe - calling recipe with ID: 1
2024-12-26 14:00:39 [info]: success with fetchRecipe id: 1
2024-12-26 14:00:39 [info]: success with fetchRecipe id: 1
2024-12-26 14:00:39 [info]: get fetchRecipe - calling recipe with ID: 1
2024-12-26 14:00:39 [info]: success with fetchRecipe id: 1
2024-12-26 14:00:39 [info]: get fetchRecipe - calling recipe with ID: 1
2024-12-26 14:00:39 [info]: get fetchRecipe - calling recipe with ID: 1
2024-12-26 14:00:39 [info]: success with fetchRecipe id: 1
2024-12-26 14:00:39 [info]: get fetchRecipe - calling recipe with ID: 1
2024-12-26 14:00:39 [info]: success with fetchRecipe id: 1
2024-12-26 14:00:39 [info]: success with fetchRecipe id: 1
2024-12-26 14:00:39 [info]: get fetchRecipe - calling recipe with ID: 1
2024-12-26 14:00:39 [info]: get fetchRecipe - calling recipe with ID: 1
2024-12-26 14:00:39 [info]: success with fetchRecipe id: 1
2024-12-26 14:00:39 [info]: success with fetchRecipe id: 1
2024-12-26 14:00:39 [info]: get fetchRecipe - calling recipe with ID: 1
2024-12-26 14:00:39 [info]: success with fetchRecipe id: 1
2024-12-26 14:00:39 [info]: get fetchRecipe - calling recipe with ID: 1
2024-12-26 14:00:39 [info]: success with fetchRecipe id: 1
2024-12-26 14:00:39 [info]: get fetchRecipe - calling recipe with ID: 1
2024-12-26 14:00:40 [info]: success with fetchRecipe id: 1
2024-12-26 14:00:40 [info]: get fetchRecipe - calling recipe with ID: 1
2024-12-26 14:00:40 [info]: get fetchRecipe - calling recipe with ID: 1
2024-12-26 14:00:40 [info]: success with fetchRecipe id: 1
2024-12-26 14:00:40 [info]: get fetchRecipe - calling recipe with ID: 1
2024-12-26 14:00:40 [info]: success with fetchRecipe id: 1
2024-12-26 14:00:40 [info]: get fetchRecipe - calling recipe with ID: 1
2024-12-26 14:00:40 [info]: success with fetchRecipe id: 1
2024-12-26 14:00:40 [info]: get fetchRecipe - calling recipe with ID: 1
2024-12-26 14:00:40 [info]: success with fetchRecipe id: 1
2024-12-26 14:00:40 [info]: get fetchRecipe - calling recipe with ID: 1
2024-12-26 14:00:40 [info]: success with fetchRecipe id: 1
2024-12-26 14:00:40 [info]: get fetchRecipe - calling recipe with ID: 1
2024-12-26 14:00:40 [info]: success with fetchRecipe id: 1
2024-12-26 14:00:40 [info]: success with fetchRecipe id: 1
2024-12-26 14:00:40 [info]: get fetchRecipe - calling recipe with ID: 1
2024-12-26 14:00:40 [info]: get fetchRecipe - calling recipe with ID: 1
2024-12-26 14:00:40 [info]: success with fetchRecipe id: 1
2024-12-26 14:00:40 [info]: success with fetchRecipe id: 1
2024-12-26 14:00:40 [info]: get fetchRecipe - calling recipe with ID: 1
2024-12-26 14:00:40 [info]: get fetchRecipe - calling recipe with ID: 1
2024-12-26 14:00:40 [info]: get fetchRecipe - calling recipe with ID: 1
2024-12-26 14:00:40 [info]: success with fetchRecipe id: 1
2024-12-26 14:00:40 [info]: success with fetchRecipe id: 1
2024-12-26 14:00:40 [info]: get fetchRecipe - calling recipe with ID: 1
2024-12-26 14:00:40 [info]: success with fetchRecipe id: 1
2024-12-26 14:00:40 [info]: success with fetchRecipe id: 1
2024-12-26 14:00:40 [info]: get fetchRecipe - calling recipe with ID: 1
2024-12-26 14:00:41 [info]: success with fetchRecipe id: 1
2024-12-26 14:00:41 [info]: get fetchRecipe - calling recipe with ID: 1
2024-12-26 14:00:41 [info]: get fetchRecipe - calling recipe with ID: 1
2024-12-26 14:00:41 [info]: success with fetchRecipe id: 1
2024-12-26 14:00:41 [info]: get fetchRecipe - calling recipe with ID: 1
2024-12-26 14:00:41 [info]: success with fetchRecipe id: 1
2024-12-26 14:00:41 [info]: get fetchRecipe - calling recipe with ID: 1
2024-12-26 14:00:41 [info]: success with fetchRecipe id: 1
2024-12-26 14:00:41 [info]: get fetchRecipe - calling recipe with ID: 1
2024-12-26 14:00:41 [info]: success with fetchRecipe id: 1
2024-12-26 14:00:41 [info]: success with fetchRecipe id: 1
2024-12-26 14:00:41 [info]: get fetchRecipe - calling recipe with ID: 1
2024-12-26 14:00:41 [info]: success with fetchRecipe id: 1
2024-12-26 14:00:41 [info]: get fetchRecipe - calling recipe with ID: 1
2024-12-26 14:00:41 [info]: success with fetchRecipe id: 1
2024-12-26 14:00:41 [info]: get fetchRecipe - calling recipe with ID: 1
2024-12-26 14:00:41 [info]: success with fetchRecipe id: 1
2024-12-26 14:00:41 [info]: get fetchRecipe - calling recipe with ID: 1
2024-12-26 14:00:42 [info]: get fetchRecipe - calling recipe with ID: 1
2024-12-26 14:00:42 [info]: success with fetchRecipe id: 1
2024-12-26 14:00:42 [info]: get fetchRecipe - calling recipe with ID: 1
2024-12-26 14:00:42 [info]: success with fetchRecipe id: 1
2024-12-26 14:00:42 [info]: get fetchRecipe - calling recipe with ID: 1
2024-12-26 14:00:42 [info]: success with fetchRecipe id: 1
2024-12-26 14:00:42 [info]: get fetchRecipe - calling recipe with ID: 1
2024-12-26 14:00:42 [info]: success with fetchRecipe id: 1
2024-12-26 14:00:42 [info]: get fetchRecipe - calling recipe with ID: 1
2024-12-26 14:00:42 [info]: success with fetchRecipe id: 1
2024-12-26 14:00:42 [info]: get fetchRecipe - calling recipe with ID: 1
2024-12-26 14:00:42 [info]: success with fetchRecipe id: 1
2024-12-26 14:00:42 [info]: get fetchRecipe - calling recipe with ID: 1
2024-12-26 14:00:42 [info]: success with fetchRecipe id: 1
2024-12-26 14:00:42 [info]: get fetchRecipe - calling recipe with ID: 1
2024-12-26 14:00:42 [info]: success with fetchRecipe id: 1
2024-12-26 14:00:42 [info]: success with fetchRecipe id: 1
2024-12-26 14:00:42 [info]: get fetchRecipe - calling recipe with ID: 1
2024-12-26 14:00:42 [info]: success with fetchRecipe id: 1
2024-12-26 14:00:42 [info]: get fetchRecipe - calling recipe with ID: 1
2024-12-26 14:00:42 [info]: get fetchRecipe - calling recipe with ID: 1
2024-12-26 14:00:42 [info]: success with fetchRecipe id: 1
2024-12-26 14:00:42 [info]: get fetchRecipe - calling recipe with ID: 1
2024-12-26 14:00:42 [info]: success with fetchRecipe id: 1
2024-12-26 14:00:43 [info]: get fetchRecipe - calling recipe with ID: 1
2024-12-26 14:00:43 [info]: success with fetchRecipe id: 1
2024-12-26 14:00:43 [info]: get fetchRecipe - calling recipe with ID: 1
2024-12-26 14:00:43 [info]: success with fetchRecipe id: 1
2024-12-26 14:00:43 [info]: get fetchRecipe - calling recipe with ID: 1
2024-12-26 14:00:43 [info]: success with fetchRecipe id: 1
2024-12-26 14:00:43 [info]: get fetchRecipe - calling recipe with ID: 1
2024-12-26 14:00:43 [info]: success with fetchRecipe id: 1
2024-12-26 14:00:43 [info]: success with fetchRecipe id: 1
2024-12-26 14:00:43 [info]: get fetchRecipe - calling recipe with ID: 1
2024-12-26 14:00:43 [info]: get fetchRecipe - calling recipe with ID: 1
2024-12-26 14:00:43 [info]: get fetchRecipe - calling recipe with ID: 1
2024-12-26 14:00:43 [info]: success with fetchRecipe id: 1
2024-12-26 14:00:43 [info]: get fetchRecipe - calling recipe with ID: 1
2024-12-26 14:00:43 [info]: success with fetchRecipe id: 1
2024-12-26 14:00:43 [info]: success with fetchRecipe id: 1
2024-12-26 14:00:43 [info]: success with fetchRecipe id: 1
2024-12-26 14:00:43 [info]: get fetchRecipe - calling recipe with ID: 1
2024-12-26 14:00:43 [info]: get fetchRecipe - calling recipe with ID: 1
2024-12-26 14:00:43 [info]: get fetchRecipe - calling recipe with ID: 1
2024-12-26 14:00:43 [info]: success with fetchRecipe id: 1
2024-12-26 14:00:43 [info]: success with fetchRecipe id: 1
2024-12-26 14:00:43 [info]: success with fetchRecipe id: 1
2024-12-26 14:00:43 [info]: get fetchRecipe - calling recipe with ID: 1
2024-12-26 14:00:43 [info]: success with fetchRecipe id: 1
2024-12-26 14:01:07 [info]: get fetchRecipe - calling recipe with ID: 1
2024-12-26 14:01:07 [info]: success with fetchRecipe id: 1
2024-12-26 14:01:07 [info]: get fetchRecipe - calling recipe with ID: 1
2024-12-26 14:01:07 [info]: success with fetchRecipe id: 1
2024-12-26 14:08:24 [info]: get ,callibg getRecipes
2024-12-26 14:08:24 [info]: get ,callibg getRecipes
2024-12-26 14:09:00 [info]: get ,callibg getRecipes
2024-12-26 14:09:00 [info]: getChefs- find all recipe
2024-12-26 14:09:00 [info]: success fetching recipes from DB
2024-12-26 14:09:00 [info]: success with getRecipes
2024-12-26 14:09:00 [info]: get ,callibg getRecipes
2024-12-26 14:09:00 [info]: getChefs- find all recipe
2024-12-26 14:09:00 [info]: success fetching recipes from DB
2024-12-26 14:09:00 [info]: success with getRecipes
2024-12-26 14:10:09 [info]: fetchRecipe - calling recipe with ID: 12345
2024-12-26 14:10:09 [info]: fetchRecipe- find recipe with recipeID: 12345
2024-12-26 14:10:09 [info]: found a recipe with recipeID: 12345
2024-12-26 14:10:09 [info]: success with fetchRecipe id: 12345
2024-12-26 14:10:09 [info]: fetchRecipe - calling recipe with ID: 12345
2024-12-26 14:10:09 [info]: fetchRecipe- find recipe with recipeID: 12345
2024-12-26 14:10:09 [info]: found a recipe with recipeID: 12345
2024-12-26 14:10:09 [info]: success with fetchRecipe id: 12345
2024-12-26 14:10:28 [info]: calling getRecipes
2024-12-26 14:10:28 [info]: getChefs- find all recipe
2024-12-26 14:10:29 [info]: success fetching recipes from DB
2024-12-26 14:10:29 [info]: success with getRecipes
2024-12-26 14:10:29 [info]: calling getRecipes
2024-12-26 14:10:29 [info]: getChefs- find all recipe
2024-12-26 14:10:29 [info]: success fetching recipes from DB
2024-12-26 14:10:29 [info]: success with getRecipes
2024-12-26 14:10:31 [info]: fetchRecipesCategory - calling recipes of Soup category
2024-12-26 14:10:31 [info]: fetchRecipesCategory- find recipes of category: Soup
2024-12-26 14:10:32 [info]: found recipes of category: Soup
2024-12-26 14:10:32 [info]: success with fetchRecipesCategory category: Soup
2024-12-26 14:10:32 [info]: fetchRecipesCategory - calling recipes of Soup category
2024-12-26 14:10:32 [info]: fetchRecipesCategory- find recipes of category: Soup
2024-12-26 14:10:32 [info]: found recipes of category: Soup
2024-12-26 14:10:32 [info]: success with fetchRecipesCategory category: Soup
2024-12-29 15:40:48 [info]: calling getRecipes
2024-12-29 15:40:48 [info]: getChefs- find all recipe
2024-12-29 15:40:49 [info]: success fetching recipes from DB
2024-12-29 15:40:49 [info]: success with getRecipes
2024-12-29 15:40:49 [info]: calling getRecipes
2024-12-29 15:40:49 [info]: getChefs- find all recipe
2024-12-29 15:40:49 [info]: success fetching recipes from DB
2024-12-29 15:40:49 [info]: success with getRecipes
2024-12-29 15:43:03 [info]: calling getRecipes
2024-12-29 15:43:03 [info]: getChefs- find all recipe
2024-12-29 15:43:03 [info]: success fetching recipes from DB
2024-12-29 15:43:03 [info]: success with getRecipes
2024-12-29 15:43:03 [info]: calling getRecipes
2024-12-29 15:43:03 [info]: getChefs- find all recipe
2024-12-29 15:43:03 [info]: success fetching recipes from DB
2024-12-29 15:43:03 [info]: success with getRecipes
2024-12-29 15:43:55 [info]: fetchRecipesCategory - calling recipes of Meat category
2024-12-29 15:43:55 [info]: fetchRecipesCategory- find recipes of category: Meat
2024-12-29 15:43:55 [info]: found recipes of category: Meat
2024-12-29 15:43:55 [info]: success with fetchRecipesCategory category: Meat
2024-12-29 15:43:55 [info]: fetchRecipesCategory - calling recipes of Meat category
2024-12-29 15:43:55 [info]: fetchRecipesCategory- find recipes of category: Meat
2024-12-29 15:43:55 [info]: found recipes of category: Meat
2024-12-29 15:43:55 [info]: success with fetchRecipesCategory category: Meat
2024-12-29 15:43:59 [info]: calling getRecipes
2024-12-29 15:43:59 [info]: getChefs- find all recipe
2024-12-29 15:43:59 [info]: success fetching recipes from DB
2024-12-29 15:43:59 [info]: success with getRecipes
2024-12-29 15:43:59 [info]: calling getRecipes
2024-12-29 15:43:59 [info]: getChefs- find all recipe
2024-12-29 15:44:00 [info]: success fetching recipes from DB
2024-12-29 15:44:00 [info]: success with getRecipes
